# JRE version: Java(TM) SE Runtime Environment (8.0_65-b17) (build 1.8.0_65-b17)
# Java VM: Java HotSpot(TM) 64-Bit Server VM (25.65-b01 mixed mode bsd-amd64 compressed oops)
Heap:
 PSYoungGen      total 24576K, used 5059K [0x0000000795580000, 0x0000000796e80000, 0x00000007c0000000)
  eden space 24064K, 20% used [0x0000000795580000,0x0000000795a50d30,0x0000000796d00000)
  from space 512K, 25% used [0x0000000796d80000,0x0000000796da0000,0x0000000796e00000)
  to   space 512K, 0% used [0x0000000796e00000,0x0000000796e00000,0x0000000796e80000)
 ParOldGen       total 87552K, used 7229K [0x0000000740000000, 0x0000000745580000, 0x0000000795580000)
  object space 87552K, 8% used [0x0000000740000000,0x000000074070f4b8,0x0000000745580000)
 Metaspace       used 15065K, capacity 15725K, committed 15872K, reserved 1062912K
  class space    used 1727K, capacity 1923K, committed 2048K, reserved 1048576K
GC Heap History (10 events):
Event: 8882.097 GC heap before
{Heap before GC invocations=177 (full 0):
 PSYoungGen      total 24576K, used 24192K [0x0000000795580000, 0x0000000796e80000, 0x00000007c0000000)
  eden space 24064K, 100% used [0x0000000795580000,0x0000000796d00000,0x0000000796d00000)
  from space 512K, 25% used [0x0000000796e00000,0x0000000796e20000,0x0000000796e80000)
  to   space 512K, 0% used [0x0000000796d80000,0x0000000796d80000,0x0000000796e00000)
 ParOldGen       total 87552K, used 7205K [0x0000000740000000, 0x0000000745580000, 0x0000000795580000)
  object space 87552K, 8% used [0x0000000740000000,0x00000007407094b8,0x0000000745580000)
 Metaspace       used 15056K, capacity 15725K, committed 15872K, reserved 1062912K
  class space    used 1727K, capacity 1923K, committed 2048K, reserved 1048576K
Event: 8882.099 GC heap after
Heap after GC invocations=177 (full 0):
 PSYoungGen      total 24576K, used 64K [0x0000000795580000, 0x0000000796e80000, 0x00000007c0000000)
  eden space 24064K, 0% used [0x0000000795580000,0x0000000795580000,0x0000000796d00000)
  from space 512K, 12% used [0x0000000796d80000,0x0000000796d90000,0x0000000796e00000)
  to   space 512K, 0% used [0x0000000796e00000,0x0000000796e00000,0x0000000796e80000)
 ParOldGen       total 87552K, used 7205K [0x0000000740000000, 0x0000000745580000, 0x0000000795580000)
  object space 87552K, 8% used [0x0000000740000000,0x00000007407094b8,0x0000000745580000)
 Metaspace       used 15056K, capacity 15725K, committed 15872K, reserved 1062912K
  class space    used 1727K, capacity 1923K, committed 2048K, reserved 1048576K
}
Event: 8989.616 GC heap before
{Heap before GC invocations=178 (full 0):
 PSYoungGen      total 24576K, used 24128K [0x0000000795580000, 0x0000000796e80000, 0x00000007c0000000)
  eden space 24064K, 100% used [0x0000000795580000,0x0000000796d00000,0x0000000796d00000)
  from space 512K, 12% used [0x0000000796d80000,0x0000000796d90000,0x0000000796e00000)
  to   space 512K, 0% used [0x0000000796e00000,0x0000000796e00000,0x0000000796e80000)
 ParOldGen       total 87552K, used 7205K [0x0000000740000000, 0x0000000745580000, 0x0000000795580000)
  object space 87552K, 8% used [0x0000000740000000,0x00000007407094b8,0x0000000745580000)
 Metaspace       used 15064K, capacity 15725K, committed 15872K, reserved 1062912K
  class space    used 1727K, capacity 1923K, committed 2048K, reserved 1048576K
Event: 8989.618 GC heap after
Heap after GC invocations=178 (full 0):
 PSYoungGen      total 24576K, used 64K [0x0000000795580000, 0x0000000796e80000, 0x00000007c0000000)
  eden space 24064K, 0% used [0x0000000795580000,0x0000000795580000,0x0000000796d00000)
  from space 512K, 12% used [0x0000000796e00000,0x0000000796e10000,0x0000000796e80000)
  to   space 512K, 0% used [0x0000000796d80000,0x0000000796d80000,0x0000000796e00000)
 ParOldGen       total 87552K, used 7213K [0x0000000740000000, 0x0000000745580000, 0x0000000795580000)
  object space 87552K, 8% used [0x0000000740000000,0x000000074070b4b8,0x0000000745580000)
 Metaspace       used 15064K, capacity 15725K, committed 15872K, reserved 1062912K
  class space    used 1727K, capacity 1923K, committed 2048K, reserved 1048576K
}
Event: 9098.555 GC heap before
{Heap before GC invocations=179 (full 0):
 PSYoungGen      total 24576K, used 24128K [0x0000000795580000, 0x0000000796e80000, 0x00000007c0000000)
  eden space 24064K, 100% used [0x0000000795580000,0x0000000796d00000,0x0000000796d00000)
  from space 512K, 12% used [0x0000000796e00000,0x0000000796e10000,0x0000000796e80000)
  to   space 512K, 0% used [0x0000000796d80000,0x0000000796d80000,0x0000000796e00000)
 ParOldGen       total 87552K, used 7213K [0x0000000740000000, 0x0000000745580000, 0x0000000795580000)
  object space 87552K, 8% used [0x0000000740000000,0x000000074070b4b8,0x0000000745580000)
 Metaspace       used 15064K, capacity 15725K, committed 15872K, reserved 1062912K
  class space    used 1727K, capacity 1923K, committed 2048K, reserved 1048576K
Event: 9098.557 GC heap after
Heap after GC invocations=179 (full 0):
 PSYoungGen      total 24576K, used 96K [0x0000000795580000, 0x0000000796e80000, 0x00000007c0000000)
  eden space 24064K, 0% used [0x0000000795580000,0x0000000795580000,0x0000000796d00000)
  from space 512K, 18% used [0x0000000796d80000,0x0000000796d98000,0x0000000796e00000)
  to   space 512K, 0% used [0x0000000796e00000,0x0000000796e00000,0x0000000796e80000)
 ParOldGen       total 87552K, used 7229K [0x0000000740000000, 0x0000000745580000, 0x0000000795580000)
  object space 87552K, 8% used [0x0000000740000000,0x000000074070f4b8,0x0000000745580000)
 Metaspace       used 15064K, capacity 15725K, committed 15872K, reserved 1062912K
  class space    used 1727K, capacity 1923K, committed 2048K, reserved 1048576K
}
Event: 9208.231 GC heap before
{Heap before GC invocations=180 (full 0):
 PSYoungGen      total 24576K, used 24160K [0x0000000795580000, 0x0000000796e80000, 0x00000007c0000000)
  eden space 24064K, 100% used [0x0000000795580000,0x0000000796d00000,0x0000000796d00000)
  from space 512K, 18% used [0x0000000796d80000,0x0000000796d98000,0x0000000796e00000)
  to   space 512K, 0% used [0x0000000796e00000,0x0000000796e00000,0x0000000796e80000)
 ParOldGen       total 87552K, used 7229K [0x0000000740000000, 0x0000000745580000, 0x0000000795580000)
  object space 87552K, 8% used [0x0000000740000000,0x000000074070f4b8,0x0000000745580000)
 Metaspace       used 15064K, capacity 15725K, committed 15872K, reserved 1062912K
  class space    used 1727K, capacity 1923K, committed 2048K, reserved 1048576K
Event: 9208.232 GC heap after
Heap after GC invocations=180 (full 0):
 PSYoungGen      total 24576K, used 96K [0x0000000795580000, 0x0000000796e80000, 0x00000007c0000000)
  eden space 24064K, 0% used [0x0000000795580000,0x0000000795580000,0x0000000796d00000)
  from space 512K, 18% used [0x0000000796e00000,0x0000000796e18000,0x0000000796e80000)
  to   space 512K, 0% used [0x0000000796d80000,0x0000000796d80000,0x0000000796e00000)
 ParOldGen       total 87552K, used 7229K [0x0000000740000000, 0x0000000745580000, 0x0000000795580000)
  object space 87552K, 8% used [0x0000000740000000,0x000000074070f4b8,0x0000000745580000)
 Metaspace       used 15064K, capacity 15725K, committed 15872K, reserved 1062912K
  class space    used 1727K, capacity 1923K, committed 2048K, reserved 1048576K
}
Event: 9302.609 GC heap before
{Heap before GC invocations=181 (full 0):
 PSYoungGen      total 24576K, used 24160K [0x0000000795580000, 0x0000000796e80000, 0x00000007c0000000)
  eden space 24064K, 100% used [0x0000000795580000,0x0000000796d00000,0x0000000796d00000)
  from space 512K, 18% used [0x0000000796e00000,0x0000000796e18000,0x0000000796e80000)
  to   space 512K, 0% used [0x0000000796d80000,0x0000000796d80000,0x0000000796e00000)
 ParOldGen       total 87552K, used 7229K [0x0000000740000000, 0x0000000745580000, 0x0000000795580000)
  object space 87552K, 8% used [0x0000000740000000,0x000000074070f4b8,0x0000000745580000)
 Metaspace       used 15065K, capacity 15725K, committed 15872K, reserved 1062912K
  class space    used 1727K, capacity 1923K, committed 2048K, reserved 1048576K
Event: 9302.611 GC heap after
Heap after GC invocations=181 (full 0):
 PSYoungGen      total 24576K, used 128K [0x0000000795580000, 0x0000000796e80000, 0x00000007c0000000)
  eden space 24064K, 0% used [0x0000000795580000,0x0000000795580000,0x0000000796d00000)
  from space 512K, 25% used [0x0000000796d80000,0x0000000796da0000,0x0000000796e00000)
  to   space 512K, 0% used [0x0000000796e00000,0x0000000796e00000,0x0000000796e80000)
 ParOldGen       total 87552K, used 7229K [0x0000000740000000, 0x0000000745580000, 0x0000000795580000)
  object space 87552K, 8% used [0x0000000740000000,0x000000074070f4b8,0x0000000745580000)
 Metaspace       used 15065K, capacity 15725K, committed 15872K, reserved 1062912K
  class space    used 1727K, capacity 1923K, committed 2048K, reserved 1048576K
}

